This file contains any messages produced by compilers while
running configure, to aid debugging if configure makes a mistake.

It was created by configure, which was
generated by GNU Autoconf 2.61.  Invocation command line was

  $ ./configure --prefix=/usr --sysconfdir=/etc --no-create --no-recursion

## --------- ##
## Platform. ##
## --------- ##

hostname = ubuntu-Latitude-D430
uname -m = i686
uname -r = 3.2.0-31-generic-pae
uname -s = Linux
uname -v = #50-Ubuntu SMP Fri Sep 7 16:39:45 UTC 2012

/usr/bin/uname -p = unknown
/bin/uname -X     = unknown

/bin/arch              = unknown
/usr/bin/arch -k       = unknown
/usr/convex/getsysinfo = unknown
/usr/bin/hostinfo      = unknown
/bin/machine           = unknown
/usr/bin/oslevel       = unknown
/bin/universe          = unknown

PATH: /usr/local/sbin
PATH: /usr/local/bin
PATH: /usr/sbin
PATH: /usr/bin
PATH: /sbin
PATH: /bin


## ----------- ##
## Core tests. ##
## ----------- ##

configure:1971: checking for a BSD-compatible install
configure:2027: result: /usr/bin/install -c
configure:2038: checking whether build environment is sane
configure:2081: result: yes
configure:2146: checking for gawk
configure:2176: result: no
configure:2146: checking for mawk
configure:2162: found /usr/bin/mawk
configure:2173: result: mawk
configure:2184: checking whether make sets $(MAKE)
configure:2205: result: yes
configure:2437: checking for gcc
configure:2453: found /usr/bin/gcc
configure:2464: result: gcc
configure:2702: checking for C compiler version
configure:2709: gcc --version >&5
gcc (Ubuntu/Linaro 4.6.3-1ubuntu5) 4.6.3
Copyright (C) 2011 Free Software Foundation, Inc.
This is free software; see the source for copying conditions.  There is NO
warranty; not even for MERCHANTABILITY or FITNESS FOR A PARTICULAR PURPOSE.

configure:2712: $? = 0
configure:2719: gcc -v >&5
Using built-in specs.
COLLECT_GCC=gcc
COLLECT_LTO_WRAPPER=/usr/lib/gcc/i686-linux-gnu/4.6/lto-wrapper
Target: i686-linux-gnu
Configured with: ../src/configure -v --with-pkgversion='Ubuntu/Linaro 4.6.3-1ubuntu5' --with-bugurl=file:///usr/share/doc/gcc-4.6/README.Bugs --enable-languages=c,c++,fortran,objc,obj-c++ --prefix=/usr --program-suffix=-4.6 --enable-shared --enable-linker-build-id --with-system-zlib --libexecdir=/usr/lib --without-included-gettext --enable-threads=posix --with-gxx-include-dir=/usr/include/c++/4.6 --libdir=/usr/lib --enable-nls --with-sysroot=/ --enable-clocale=gnu --enable-libstdcxx-debug --enable-libstdcxx-time=yes --enable-gnu-unique-object --enable-plugin --enable-objc-gc --enable-targets=all --disable-werror --with-arch-32=i686 --with-tune=generic --enable-checking=release --build=i686-linux-gnu --host=i686-linux-gnu --target=i686-linux-gnu
Thread model: posix
gcc version 4.6.3 (Ubuntu/Linaro 4.6.3-1ubuntu5) 
configure:2722: $? = 0
configure:2729: gcc -V >&5
gcc: error: unrecognized option '-V'
gcc: fatal error: no input files
compilation terminated.
configure:2732: $? = 4
configure:2755: checking for C compiler default output file name
configure:2782: gcc    conftest.c  >&5
configure:2785: $? = 0
configure:2823: result: a.out
configure:2840: checking whether the C compiler works
configure:2850: ./a.out
configure:2853: $? = 0
configure:2870: result: yes
configure:2877: checking whether we are cross compiling
configure:2879: result: no
configure:2882: checking for suffix of executables
configure:2889: gcc -o conftest    conftest.c  >&5
configure:2892: $? = 0
configure:2916: result: 
configure:2922: checking for suffix of object files
configure:2948: gcc -c   conftest.c >&5
configure:2951: $? = 0
configure:2974: result: o
configure:2978: checking whether we are using the GNU C compiler
configure:3007: gcc -c   conftest.c >&5
configure:3013: $? = 0
configure:3030: result: yes
configure:3035: checking whether gcc accepts -g
configure:3065: gcc -c -g  conftest.c >&5
configure:3071: $? = 0
configure:3170: result: yes
configure:3187: checking for gcc option to accept ISO C89
configure:3261: gcc  -c -g -O2  conftest.c >&5
configure:3267: $? = 0
configure:3290: result: none needed
configure:3319: checking for style of include used by make
configure:3347: result: GNU
configure:3375: checking dependency style of gcc
configure:3465: result: gcc3
configure:3540: checking for g++
configure:3556: found /usr/bin/g++
configure:3567: result: g++
configure:3598: checking for C++ compiler version
configure:3605: g++ --version >&5
g++ (Ubuntu/Linaro 4.6.3-1ubuntu5) 4.6.3
Copyright (C) 2011 Free Software Foundation, Inc.
This is free software; see the source for copying conditions.  There is NO
warranty; not even for MERCHANTABILITY or FITNESS FOR A PARTICULAR PURPOSE.

configure:3608: $? = 0
configure:3615: g++ -v >&5
Using built-in specs.
COLLECT_GCC=g++
COLLECT_LTO_WRAPPER=/usr/lib/gcc/i686-linux-gnu/4.6/lto-wrapper
Target: i686-linux-gnu
Configured with: ../src/configure -v --with-pkgversion='Ubuntu/Linaro 4.6.3-1ubuntu5' --with-bugurl=file:///usr/share/doc/gcc-4.6/README.Bugs --enable-languages=c,c++,fortran,objc,obj-c++ --prefix=/usr --program-suffix=-4.6 --enable-shared --enable-linker-build-id --with-system-zlib --libexecdir=/usr/lib --without-included-gettext --enable-threads=posix --with-gxx-include-dir=/usr/include/c++/4.6 --libdir=/usr/lib --enable-nls --with-sysroot=/ --enable-clocale=gnu --enable-libstdcxx-debug --enable-libstdcxx-time=yes --enable-gnu-unique-object --enable-plugin --enable-objc-gc --enable-targets=all --disable-werror --with-arch-32=i686 --with-tune=generic --enable-checking=release --build=i686-linux-gnu --host=i686-linux-gnu --target=i686-linux-gnu
Thread model: posix
gcc version 4.6.3 (Ubuntu/Linaro 4.6.3-1ubuntu5) 
configure:3618: $? = 0
configure:3625: g++ -V >&5
g++: error: unrecognized option '-V'
g++: fatal error: no input files
compilation terminated.
configure:3628: $? = 4
configure:3631: checking whether we are using the GNU C++ compiler
configure:3660: g++ -c   conftest.cpp >&5
configure:3666: $? = 0
configure:3683: result: yes
configure:3688: checking whether g++ accepts -g
configure:3718: g++ -c -g  conftest.cpp >&5
configure:3724: $? = 0
configure:3823: result: yes
configure:3848: checking dependency style of g++
configure:3938: result: gcc3
configure:4033: checking build system type
configure:4051: result: i686-pc-linux-gnu
configure:4073: checking host system type
configure:4088: result: i686-pc-linux-gnu
configure:4110: checking for a sed that does not truncate output
configure:4166: result: /bin/sed
configure:4169: checking for grep that handles long lines and -e
configure:4243: result: /bin/grep
configure:4248: checking for egrep
configure:4326: result: /bin/grep -E
configure:4342: checking for ld used by gcc
configure:4409: result: /usr/bin/ld
configure:4418: checking if the linker (/usr/bin/ld) is GNU ld
configure:4433: result: yes
configure:4438: checking for /usr/bin/ld option to reload object files
configure:4445: result: -r
configure:4463: checking for BSD-compatible nm
configure:4512: result: /usr/bin/nm -B
configure:4516: checking whether ln -s works
configure:4520: result: yes
configure:4527: checking how to recognize dependent libraries
configure:4713: result: pass_all
configure:4958: checking how to run the C preprocessor
configure:4998: gcc -E  conftest.c
configure:5004: $? = 0
configure:5035: gcc -E  conftest.c
conftest.c:10:28: fatal error: ac_nonexistent.h: No such file or directory
compilation terminated.
configure:5041: $? = 1
configure: failed program was:
| /* confdefs.h.  */
| #define PACKAGE_NAME ""
| #define PACKAGE_TARNAME ""
| #define PACKAGE_VERSION ""
| #define PACKAGE_STRING ""
| #define PACKAGE_BUGREPORT ""
| #define PACKAGE "GoIO"
| #define VERSION "2.28.0"
| /* end confdefs.h.  */
| #include <ac_nonexistent.h>
configure:5074: result: gcc -E
configure:5103: gcc -E  conftest.c
configure:5109: $? = 0
configure:5140: gcc -E  conftest.c
conftest.c:10:28: fatal error: ac_nonexistent.h: No such file or directory
compilation terminated.
configure:5146: $? = 1
configure: failed program was:
| /* confdefs.h.  */
| #define PACKAGE_NAME ""
| #define PACKAGE_TARNAME ""
| #define PACKAGE_VERSION ""
| #define PACKAGE_STRING ""
| #define PACKAGE_BUGREPORT ""
| #define PACKAGE "GoIO"
| #define VERSION "2.28.0"
| /* end confdefs.h.  */
| #include <ac_nonexistent.h>
configure:5184: checking for ANSI C header files
configure:5214: gcc -c -g -O2  conftest.c >&5
configure:5220: $? = 0
configure:5319: gcc -o conftest -g -O2   conftest.c  >&5
configure:5322: $? = 0
configure:5328: ./conftest
configure:5331: $? = 0
configure:5348: result: yes
configure:5372: checking for sys/types.h
configure:5393: gcc -c -g -O2  conftest.c >&5
configure:5399: $? = 0
configure:5415: result: yes
configure:5372: checking for sys/stat.h
configure:5393: gcc -c -g -O2  conftest.c >&5
configure:5399: $? = 0
configure:5415: result: yes
configure:5372: checking for stdlib.h
configure:5393: gcc -c -g -O2  conftest.c >&5
configure:5399: $? = 0
configure:5415: result: yes
configure:5372: checking for string.h
configure:5393: gcc -c -g -O2  conftest.c >&5
configure:5399: $? = 0
configure:5415: result: yes
configure:5372: checking for memory.h
configure:5393: gcc -c -g -O2  conftest.c >&5
configure:5399: $? = 0
configure:5415: result: yes
configure:5372: checking for strings.h
configure:5393: gcc -c -g -O2  conftest.c >&5
configure:5399: $? = 0
configure:5415: result: yes
configure:5372: checking for inttypes.h
configure:5393: gcc -c -g -O2  conftest.c >&5
configure:5399: $? = 0
configure:5415: result: yes
configure:5372: checking for stdint.h
configure:5393: gcc -c -g -O2  conftest.c >&5
configure:5399: $? = 0
configure:5415: result: yes
configure:5372: checking for unistd.h
configure:5393: gcc -c -g -O2  conftest.c >&5
configure:5399: $? = 0
configure:5415: result: yes
configure:5442: checking dlfcn.h usability
configure:5459: gcc -c -g -O2  conftest.c >&5
configure:5465: $? = 0
configure:5479: result: yes
configure:5483: checking dlfcn.h presence
configure:5498: gcc -E  conftest.c
configure:5504: $? = 0
configure:5518: result: yes
configure:5546: checking for dlfcn.h
configure:5554: result: yes
configure:5577: checking how to run the C++ preprocessor
configure:5613: g++ -E  conftest.cpp
configure:5619: $? = 0
configure:5650: g++ -E  conftest.cpp
conftest.cpp:21:28: fatal error: ac_nonexistent.h: No such file or directory
compilation terminated.
configure:5656: $? = 1
configure: failed program was:
| /* confdefs.h.  */
| #define PACKAGE_NAME ""
| #define PACKAGE_TARNAME ""
| #define PACKAGE_VERSION ""
| #define PACKAGE_STRING ""
| #define PACKAGE_BUGREPORT ""
| #define PACKAGE "GoIO"
| #define VERSION "2.28.0"
| #define STDC_HEADERS 1
| #define HAVE_SYS_TYPES_H 1
| #define HAVE_SYS_STAT_H 1
| #define HAVE_STDLIB_H 1
| #define HAVE_STRING_H 1
| #define HAVE_MEMORY_H 1
| #define HAVE_STRINGS_H 1
| #define HAVE_INTTYPES_H 1
| #define HAVE_STDINT_H 1
| #define HAVE_UNISTD_H 1
| #define HAVE_DLFCN_H 1
| /* end confdefs.h.  */
| #include <ac_nonexistent.h>
configure:5689: result: g++ -E
configure:5718: g++ -E  conftest.cpp
configure:5724: $? = 0
configure:5755: g++ -E  conftest.cpp
conftest.cpp:21:28: fatal error: ac_nonexistent.h: No such file or directory
compilation terminated.
configure:5761: $? = 1
configure: failed program was:
| /* confdefs.h.  */
| #define PACKAGE_NAME ""
| #define PACKAGE_TARNAME ""
| #define PACKAGE_VERSION ""
| #define PACKAGE_STRING ""
| #define PACKAGE_BUGREPORT ""
| #define PACKAGE "GoIO"
| #define VERSION "2.28.0"
| #define STDC_HEADERS 1
| #define HAVE_SYS_TYPES_H 1
| #define HAVE_SYS_STAT_H 1
| #define HAVE_STDLIB_H 1
| #define HAVE_STRING_H 1
| #define HAVE_MEMORY_H 1
| #define HAVE_STRINGS_H 1
| #define HAVE_INTTYPES_H 1
| #define HAVE_STDINT_H 1
| #define HAVE_UNISTD_H 1
| #define HAVE_DLFCN_H 1
| /* end confdefs.h.  */
| #include <ac_nonexistent.h>
configure:5854: checking for g77
configure:5884: result: no
configure:5854: checking for xlf
configure:5884: result: no
configure:5854: checking for f77
configure:5884: result: no
configure:5854: checking for frt
configure:5884: result: no
configure:5854: checking for pgf77
configure:5884: result: no
configure:5854: checking for cf77
configure:5884: result: no
configure:5854: checking for fort77
configure:5884: result: no
configure:5854: checking for fl32
configure:5884: result: no
configure:5854: checking for af77
configure:5884: result: no
configure:5854: checking for xlf90
configure:5884: result: no
configure:5854: checking for f90
configure:5884: result: no
configure:5854: checking for pgf90
configure:5884: result: no
configure:5854: checking for pghpf
configure:5884: result: no
configure:5854: checking for epcf90
configure:5884: result: no
configure:5854: checking for gfortran
configure:5884: result: no
configure:5854: checking for g95
configure:5884: result: no
configure:5854: checking for xlf95
configure:5884: result: no
configure:5854: checking for f95
configure:5884: result: no
configure:5854: checking for fort
configure:5884: result: no
configure:5854: checking for ifort
configure:5884: result: no
configure:5854: checking for ifc
configure:5884: result: no
configure:5854: checking for efc
configure:5884: result: no
configure:5854: checking for pgf95
configure:5884: result: no
configure:5854: checking for lf95
configure:5884: result: no
configure:5854: checking for ftn
configure:5884: result: no
configure:5911: checking for Fortran 77 compiler version
configure:5918:  --version >&5
./configure: line 5919: --version: command not found
configure:5921: $? = 127
configure:5928:  -v >&5
./configure: line 5929: -v: command not found
configure:5931: $? = 127
configure:5938:  -V >&5
./configure: line 5939: -V: command not found
configure:5941: $? = 127
configure:5949: checking whether we are using the GNU Fortran 77 compiler
configure:5968:  -c  conftest.F >&5
./configure: line 5969: -c: command not found
configure:5974: $? = 127
configure: failed program was:
|       program main
| #ifndef __GNUC__
|        choke me
| #endif
| 
|       end
configure:5991: result: no
configure:5997: checking whether  accepts -g
configure:6014:  -c -g conftest.f >&5
./configure: line 6015: -c: command not found
configure:6020: $? = 127
configure: failed program was:
|       program main
| 
|       end
configure:6036: result: no
configure:6065: checking the maximum length of command line arguments
configure:6177: result: 805306365
configure:6189: checking command to parse /usr/bin/nm -B output from gcc object
configure:6294: gcc -c -g -O2  conftest.c >&5
configure:6297: $? = 0
configure:6301: /usr/bin/nm -B conftest.o \| sed -n -e 's/^.*[ 	]\([ABCDGIRSTW][ABCDGIRSTW]*\)[ 	][ 	]*\([_A-Za-z][_A-Za-z0-9]*\)$/\1 \2 \2/p' \> conftest.nm
configure:6304: $? = 0
configure:6356: gcc -o conftest -g -O2   conftest.c conftstm.o >&5
configure:6359: $? = 0
configure:6397: result: ok
configure:6401: checking for objdir
configure:6416: result: .libs
configure:6508: checking for ar
configure:6524: found /usr/bin/ar
configure:6535: result: ar
configure:6604: checking for ranlib
configure:6620: found /usr/bin/ranlib
configure:6631: result: ranlib
configure:6700: checking for strip
configure:6716: found /usr/bin/strip
configure:6727: result: strip
configure:7325: checking if gcc supports -fno-rtti -fno-exceptions
configure:7343: gcc -c -g -O2  -fno-rtti -fno-exceptions conftest.c >&5
cc1: warning: command line option '-fno-rtti' is valid for C++/ObjC++ but not for C [enabled by default]
configure:7347: $? = 0
configure:7360: result: no
configure:7375: checking for gcc option to produce PIC
configure:7607: result: -fPIC
configure:7615: checking if gcc PIC flag -fPIC works
configure:7633: gcc -c -g -O2  -fPIC -DPIC conftest.c >&5
configure:7637: $? = 0
configure:7650: result: yes
configure:7678: checking if gcc static flag -static works
configure:7706: result: yes
configure:7716: checking if gcc supports -c -o file.o
configure:7737: gcc -c -g -O2  -o out/conftest2.o conftest.c >&5
configure:7741: $? = 0
configure:7763: result: yes
configure:7789: checking whether the gcc linker (/usr/bin/ld) supports shared libraries
configure:8770: result: yes
configure:8791: checking whether -lc should be explicitly linked in
configure:8796: gcc -c -g -O2  conftest.c >&5
configure:8799: $? = 0
configure:8814: gcc -shared conftest.o  -v -Wl,-soname -Wl,conftest -o conftest 2\>\&1 \| grep  -lc  \>/dev/null 2\>\&1
configure:8817: $? = 0
configure:8829: result: no
configure:8837: checking dynamic linker characteristics
configure:9451: result: GNU/Linux ld.so
configure:9475: checking how to hardcode library paths into programs
configure:9500: result: immediate
configure:9514: checking whether stripping libraries is possible
configure:9519: result: yes
configure:10321: checking if libtool supports shared libraries
configure:10323: result: yes
configure:10326: checking whether to build shared libraries
configure:10347: result: yes
configure:10350: checking whether to build static libraries
configure:10354: result: yes
configure:10448: creating libtool
configure:11041: checking for ld used by g++
configure:11108: result: /usr/bin/ld
configure:11117: checking if the linker (/usr/bin/ld) is GNU ld
configure:11132: result: yes
configure:11183: checking whether the g++ linker (/usr/bin/ld) supports shared libraries
configure:12129: result: yes
configure:12146: g++ -c -g -O2  conftest.cpp >&5
configure:12149: $? = 0
configure:12305: checking for g++ option to produce PIC
configure:12589: result: -fPIC
configure:12597: checking if g++ PIC flag -fPIC works
configure:12615: g++ -c -g -O2  -fPIC -DPIC conftest.cpp >&5
configure:12619: $? = 0
configure:12632: result: yes
configure:12660: checking if g++ static flag -static works
configure:12688: result: yes
configure:12698: checking if g++ supports -c -o file.o
configure:12719: g++ -c -g -O2  -o out/conftest2.o conftest.cpp >&5
configure:12723: $? = 0
configure:12745: result: yes
configure:12771: checking whether the g++ linker (/usr/bin/ld) supports shared libraries
configure:12800: result: yes
configure:12867: checking dynamic linker characteristics
configure:13429: result: GNU/Linux ld.so
configure:13453: checking how to hardcode library paths into programs
configure:13478: result: immediate
configure:19738: checking for a BSD-compatible install
configure:19794: result: /usr/bin/install -c
configure:19985: creating ./config.status

## ---------------- ##
## Cache variables. ##
## ---------------- ##

ac_cv_build=i686-pc-linux-gnu
ac_cv_c_compiler_gnu=yes
ac_cv_cxx_compiler_gnu=yes
ac_cv_env_CCC_set=
ac_cv_env_CCC_value=
ac_cv_env_CC_set=
ac_cv_env_CC_value=
ac_cv_env_CFLAGS_set=
ac_cv_env_CFLAGS_value=
ac_cv_env_CPPFLAGS_set=
ac_cv_env_CPPFLAGS_value=
ac_cv_env_CPP_set=
ac_cv_env_CPP_value=
ac_cv_env_CXXCPP_set=
ac_cv_env_CXXCPP_value=
ac_cv_env_CXXFLAGS_set=
ac_cv_env_CXXFLAGS_value=
ac_cv_env_CXX_set=
ac_cv_env_CXX_value=
ac_cv_env_F77_set=
ac_cv_env_F77_value=
ac_cv_env_FFLAGS_set=
ac_cv_env_FFLAGS_value=
ac_cv_env_LDFLAGS_set=
ac_cv_env_LDFLAGS_value=
ac_cv_env_LIBS_set=
ac_cv_env_LIBS_value=
ac_cv_env_build_alias_set=
ac_cv_env_build_alias_value=
ac_cv_env_host_alias_set=
ac_cv_env_host_alias_value=
ac_cv_env_target_alias_set=
ac_cv_env_target_alias_value=
ac_cv_f77_compiler_gnu=no
ac_cv_header_dlfcn_h=yes
ac_cv_header_inttypes_h=yes
ac_cv_header_memory_h=yes
ac_cv_header_stdc=yes
ac_cv_header_stdint_h=yes
ac_cv_header_stdlib_h=yes
ac_cv_header_string_h=yes
ac_cv_header_strings_h=yes
ac_cv_header_sys_stat_h=yes
ac_cv_header_sys_types_h=yes
ac_cv_header_unistd_h=yes
ac_cv_host=i686-pc-linux-gnu
ac_cv_objext=o
ac_cv_path_EGREP='/bin/grep -E'
ac_cv_path_GREP=/bin/grep
ac_cv_path_install='/usr/bin/install -c'
ac_cv_prog_AWK=mawk
ac_cv_prog_CPP='gcc -E'
ac_cv_prog_CXXCPP='g++ -E'
ac_cv_prog_ac_ct_AR=ar
ac_cv_prog_ac_ct_CC=gcc
ac_cv_prog_ac_ct_CXX=g++
ac_cv_prog_ac_ct_RANLIB=ranlib
ac_cv_prog_ac_ct_STRIP=strip
ac_cv_prog_cc_c89=
ac_cv_prog_cc_g=yes
ac_cv_prog_cxx_g=yes
ac_cv_prog_f77_g=no
ac_cv_prog_make_make_set=yes
am_cv_CC_dependencies_compiler_type=gcc3
am_cv_CXX_dependencies_compiler_type=gcc3
lt_cv_deplibs_check_method=pass_all
lt_cv_file_magic_cmd='$MAGIC_CMD'
lt_cv_file_magic_test_file=
lt_cv_ld_reload_flag=-r
lt_cv_objdir=.libs
lt_cv_path_LD=/usr/bin/ld
lt_cv_path_LDCXX=/usr/bin/ld
lt_cv_path_NM='/usr/bin/nm -B'
lt_cv_path_SED=/bin/sed
lt_cv_prog_compiler_c_o=yes
lt_cv_prog_compiler_c_o_CXX=yes
lt_cv_prog_compiler_pic_works=yes
lt_cv_prog_compiler_pic_works_CXX=yes
lt_cv_prog_compiler_rtti_exceptions=no
lt_cv_prog_compiler_static_works=yes
lt_cv_prog_compiler_static_works_CXX=yes
lt_cv_prog_gnu_ld=yes
lt_cv_prog_gnu_ldcxx=yes
lt_cv_sys_global_symbol_pipe='sed -n -e '\''s/^.*[ 	]\([ABCDGIRSTW][ABCDGIRSTW]*\)[ 	][ 	]*\([_A-Za-z][_A-Za-z0-9]*\)$/\1 \2 \2/p'\'''
lt_cv_sys_global_symbol_to_c_name_address='sed -n -e '\''s/^: \([^ ]*\) $/  {\"\1\", (lt_ptr) 0},/p'\'' -e '\''s/^[BCDEGRST] \([^ ]*\) \([^ ]*\)$/  {"\2", (lt_ptr) \&\2},/p'\'''
lt_cv_sys_global_symbol_to_cdecl='sed -n -e '\''s/^. .* \(.*\)$/extern int \1;/p'\'''
lt_cv_sys_lib_dlsearch_path_spec='/lib /usr/lib /usr/lib/i386-linux-gnu/mesa /lib/i386-linux-gnu /usr/lib/i386-linux-gnu /lib/i686-linux-gnu /usr/lib/i686-linux-gnu /usr/local/lib '
lt_cv_sys_lib_search_path_spec='/usr/lib/gcc/i686-linux-gnu/4.6 /usr/lib/i386-linux-gnu /usr/lib /lib/i386-linux-gnu /lib'
lt_cv_sys_max_cmd_len=805306365
lt_lt_cv_prog_compiler_c_o='"yes"'
lt_lt_cv_prog_compiler_c_o_CXX='"yes"'
lt_lt_cv_sys_global_symbol_pipe='"sed -n -e '\''s/^.*[ 	]\\([ABCDGIRSTW][ABCDGIRSTW]*\\)[ 	][ 	]*\\([_A-Za-z][_A-Za-z0-9]*\\)\$/\\1 \\2 \\2/p'\''"'
lt_lt_cv_sys_global_symbol_to_c_name_address='"sed -n -e '\''s/^: \\([^ ]*\\) \$/  {\\\"\\1\\\", (lt_ptr) 0},/p'\'' -e '\''s/^[BCDEGRST] \\([^ ]*\\) \\([^ ]*\\)\$/  {\"\\2\", (lt_ptr) \\&\\2},/p'\''"'
lt_lt_cv_sys_global_symbol_to_cdecl='"sed -n -e '\''s/^. .* \\(.*\\)\$/extern int \\1;/p'\''"'

## ----------------- ##
## Output variables. ##
## ----------------- ##

ACLOCAL='${SHELL} /home/mikael/hopitty/GoIO-2.28.0/missing --run aclocal-1.9'
AMDEPBACKSLASH='\'
AMDEP_FALSE='#'
AMDEP_TRUE=''
AMTAR='${SHELL} /home/mikael/hopitty/GoIO-2.28.0/missing --run tar'
AR='ar'
AUTOCONF='${SHELL} /home/mikael/hopitty/GoIO-2.28.0/missing --run autoconf'
AUTOHEADER='${SHELL} /home/mikael/hopitty/GoIO-2.28.0/missing --run autoheader'
AUTOMAKE='${SHELL} /home/mikael/hopitty/GoIO-2.28.0/missing --run automake-1.9'
AWK='mawk'
CC='gcc'
CCDEPMODE='depmode=gcc3'
CFLAGS='-g -O2'
CPP='gcc -E'
CPPFLAGS=''
CXX='g++'
CXXCPP='g++ -E'
CXXDEPMODE='depmode=gcc3'
CXXFLAGS='-g -O2'
CYGPATH_W='echo'
DEFS='-DPACKAGE_NAME=\"\" -DPACKAGE_TARNAME=\"\" -DPACKAGE_VERSION=\"\" -DPACKAGE_STRING=\"\" -DPACKAGE_BUGREPORT=\"\" -DPACKAGE=\"GoIO\" -DVERSION=\"2.28.0\" -DSTDC_HEADERS=1 -DHAVE_SYS_TYPES_H=1 -DHAVE_SYS_STAT_H=1 -DHAVE_STDLIB_H=1 -DHAVE_STRING_H=1 -DHAVE_MEMORY_H=1 -DHAVE_STRINGS_H=1 -DHAVE_INTTYPES_H=1 -DHAVE_STDINT_H=1 -DHAVE_UNISTD_H=1 -DHAVE_DLFCN_H=1'
DEPDIR='.deps'
DSYMUTIL=''
ECHO='echo'
ECHO_C=''
ECHO_N='-n'
ECHO_T=''
EGREP='/bin/grep -E'
EXEEXT=''
F77=''
FFLAGS=''
GIO_EXTRA_CFLAGS='-fvisibility=hidden -DTARGET_OS_LINUX'
GREP='/bin/grep'
INSTALL_DATA='${INSTALL} -m 644'
INSTALL_PROGRAM='${INSTALL}'
INSTALL_SCRIPT='${INSTALL}'
INSTALL_STRIP_PROGRAM='${SHELL} $(install_sh) -c -s'
LDFLAGS=''
LIBOBJS=''
LIBS=''
LIBTOOL='$(SHELL) $(top_builddir)/libtool'
LN_S='ln -s'
LTLIBOBJS=''
MAKEINFO='${SHELL} /home/mikael/hopitty/GoIO-2.28.0/missing --run makeinfo'
NMEDIT=''
OBJEXT='o'
PACKAGE='GoIO'
PACKAGE_BUGREPORT=''
PACKAGE_NAME=''
PACKAGE_STRING=''
PACKAGE_TARNAME=''
PACKAGE_VERSION=''
PATH_SEPARATOR=':'
RANLIB='ranlib'
SED='/bin/sed'
SET_MAKE=''
SHELL='/bin/bash'
STRIP='strip'
VERSION='2.28.0'
ac_ct_CC='gcc'
ac_ct_CXX='g++'
ac_ct_F77=''
am__fastdepCC_FALSE='#'
am__fastdepCC_TRUE=''
am__fastdepCXX_FALSE='#'
am__fastdepCXX_TRUE=''
am__include='include'
am__leading_dot='.'
am__quote=''
am__tar='${AMTAR} chof - "$$tardir"'
am__untar='${AMTAR} xf -'
bindir='${exec_prefix}/bin'
build='i686-pc-linux-gnu'
build_alias=''
build_cpu='i686'
build_os='linux-gnu'
build_vendor='pc'
datadir='${datarootdir}'
datarootdir='${prefix}/share'
docdir='${datarootdir}/doc/${PACKAGE}'
dvidir='${docdir}'
exec_prefix='${prefix}'
host='i686-pc-linux-gnu'
host_alias=''
host_cpu='i686'
host_os='linux-gnu'
host_vendor='pc'
htmldir='${docdir}'
includedir='${prefix}/include'
infodir='${datarootdir}/info'
install_sh='/home/mikael/hopitty/GoIO-2.28.0/install-sh'
libdir='${exec_prefix}/lib'
libexecdir='${exec_prefix}/libexec'
localedir='${datarootdir}/locale'
localstatedir='${prefix}/var'
mandir='${datarootdir}/man'
mkdir_p='mkdir -p --'
oldincludedir='/usr/include'
pdfdir='${docdir}'
prefix='/usr'
program_transform_name='s,x,x,'
psdir='${docdir}'
sbindir='${exec_prefix}/sbin'
sharedstatedir='${prefix}/com'
sysconfdir='/etc'
target_alias=''

## ----------- ##
## confdefs.h. ##
## ----------- ##

#define PACKAGE_NAME ""
#define PACKAGE_TARNAME ""
#define PACKAGE_VERSION ""
#define PACKAGE_STRING ""
#define PACKAGE_BUGREPORT ""
#define PACKAGE "GoIO"
#define VERSION "2.28.0"
#define STDC_HEADERS 1
#define HAVE_SYS_TYPES_H 1
#define HAVE_SYS_STAT_H 1
#define HAVE_STDLIB_H 1
#define HAVE_STRING_H 1
#define HAVE_MEMORY_H 1
#define HAVE_STRINGS_H 1
#define HAVE_INTTYPES_H 1
#define HAVE_STDINT_H 1
#define HAVE_UNISTD_H 1
#define HAVE_DLFCN_H 1

configure: exit 0

## ---------------------- ##
## Running config.status. ##
## ---------------------- ##

This file was extended by config.status, which was
generated by GNU Autoconf 2.61.  Invocation command line was

  CONFIG_FILES    = 
  CONFIG_HEADERS  = 
  CONFIG_LINKS    = 
  CONFIG_COMMANDS = 
  $ ./config.status 

on ubuntu-Latitude-D430

config.status:650: creating Makefile
config.status:650: creating GoIO_cpp/Makefile
config.status:650: creating GoIO_cpp/Linux/Makefile
config.status:650: creating GoIO_DLL/Makefile
config.status:650: creating GoIO_DLL/GoIO.pc
config.status:835: executing depfiles commands
